1	0	25271	1544706017495967185	0
100	0	25271	1544706017496247289	0
1	0	25271	1544706019307417446	0
100	2	25271	1544706019307550102	0
1	2	25271	1544706021181064656	0
100	2	25271	1544706021181229447	0
1	2	25271	1544706023252473671	0
100	2	25271	1544706023252641222	0
1	2	25271	1544706026100364453	0
100	2	25271	1544706026100522213	0
1	2	25271	1544706029027819454	0
100	2	25271	1544706029027933203	0
1	2	25271	1544706031886227250	0
100	2	25271	1544706031886345687	0
1	2	25271	1544706034502101519	0
100	2	25271	1544706034502212768	0
1	2	25271	1544706036818937736	0
100	2	25271	1544706036819050392	0
1	2	25271	1544706039697506355	0
100	2	25271	1544706039697620730	0
1	2	25271	1544706042400105469	0
100	2	25271	1544706042400213281	0
1	2	25271	1544706044991759886	0
100	2	25271	1544706044991877021	0
1	2	25271	1544706047510702274	0
100	2	25271	1544706047510826753	0
1	2	25271	1544706050183588964	0
100	2	25271	1544706050183691516	0
1	2	25271	1544706053004783985	0
100	2	25271	1544706053004904245	0
1	2	25271	1544706055870601374	0
100	2	25271	1544706055870720957	0
