1	3	25371	1544706404144320481	0
100	3	25371	1544706404144716834	0
1	3	25371	1544706405635697663	0
100	3	25371	1544706405635861621	0
1	3	25371	1544706407123979336	0
100	2	25371	1544706407124119752	0
1	2	25371	1544706408887862809	0
100	2	25371	1544706408888020360	0
1	2	25371	1544706410614990966	0
100	2	25371	1544706410615087268	0
1	2	25371	1544706412393247498	0
100	2	25371	1544706412393356716	0
1	2	25371	1544706413900540436	0
100	2	25371	1544706413900670644	0
1	2	25371	1544706415650474739	0
100	2	25371	1544706415650607395	0
1	2	25371	1544706417312076602	0
100	2	25371	1544706417312192904	0
1	2	25371	1544706419078580570	0
100	2	25371	1544706419078709996	0
1	2	25371	1544706420801440397	0
100	2	25371	1544706420801612740	0
1	2	25371	1544706422507966229	0
100	2	25371	1544706422508095238	0
1	2	25371	1544706424398603724	0
100	2	25371	1544706424398718828	0
1	2	25371	1544706426131429960	0
100	2	25371	1544706426131548084	0
1	2	25371	1544706427947607923	0
100	2	25371	1544706427947730318	0
1	2	25371	1544706429694784613	0
100	2	25371	1544706429694903363	0
1	2	25371	1544706431557504091	0
100	2	25371	1544706431557680028	0
1	2	25371	1544706433374827145	0
100	2	25371	1544706433374960842	0
1	2	25371	1544706435137488554	0
100	2	25371	1544706435137612980	0
1	2	25371	1544706436881684570	0
100	2	25371	1544706436881813684	0
1	2	25371	1544706438732974346	0
100	2	25371	1544706438733128096	0
1	2	25371	1544706440553397272	0
100	2	25371	1544706440553520449	0
1	2	25371	1544706442368587510	0
100	2	25371	1544706442368724332	0
1	2	25371	1544706444211285127	0
100	2	25371	1544706444211401325	0
1	2	25371	1544706446063596087	0
100	2	25371	1544706446063702284	0
1	2	25371	1544706448018064889	0
100	2	25371	1544706448018187961	0
1	2	25371	1544706449927977993	0
100	2	25371	1544706449928098617	0
1	2	25371	1544706451821926110	0
100	2	25371	1544706451822049130	0
1	2	25371	1544706453893011332	0
100	2	25371	1544706453893137426	0
1	2	25371	1544706456055489234	0
100	2	25371	1544706456055604442	0
1	2	25371	1544706458036366086	0
100	2	25371	1544706458036480200	0
1	2	25371	1544706460250654593	0
100	2	25371	1544706460250766884	0
1	2	25371	1544706462242137851	0
100	2	25371	1544706462242252954	0
1	2	25371	1544706464344716360	0
100	2	25371	1544706464344829328	0
1	2	25371	1544706466315136160	0
100	2	25371	1544706466315237722	0
1	2	25371	1544706468268636290	0
100	2	25371	1544706468268745769	0
1	2	25371	1544706470350608627	0
100	2	25371	1544706470350721387	0
1	2	25371	1544706472522866408	0
100	2	25371	1544706472522979741	0
1	2	25371	1544706474460983158	0
100	2	25371	1544706474461103313	0
1	2	25371	1544706476498310469	0
100	2	25371	1544706476498412656	0
1	2	25371	1544706478660743282	0
100	2	25371	1544706478660863542	0
1	2	25371	1544706480751247754	0
100	2	25371	1544706480751359420	0
1	2	25371	1544706482757295398	0
100	2	25371	1544706482757406960	0
1	2	25371	1544706484935677612	0
100	2	25371	1544706484935789799	0
1	2	25371	1544706487089153315	0
100	2	25371	1544706487089281231	0
1	2	25371	1544706489293612077	0
100	2	25371	1544706489293724785	0
1	2	25371	1544706491492573254	0
100	2	25371	1544706491492690077	0
1	2	25371	1544706493675605799	0
100	2	25371	1544706493675720799	0
1	2	25371	1544706495860691353	0
100	2	25371	1544706495860805154	0
1	2	25371	1544706498099297193	0
100	2	25371	1544706498099407661	0
1	2	25371	1544706500046130484	0
100	2	25371	1544706500046276108	0
1	2	25371	1544706501332826092	0
100	2	25371	1544706501332943696	0
1	2	25371	1544706502321904439	0
100	2	25371	1544706502322053969	0
1	2	25371	1544706503356829775	0
100	2	25371	1544706503356941962	0
1	2	25371	1544706504373161076	0
100	2	25371	1544706504373261596	0
1	2	25371	1544706505302969155	0
100	2	25371	1544706505303081759	0
1	2	25371	1544706506237027111	0
100	2	25371	1544706506237139715	0
1	2	25371	1544706507110249235	0
100	2	25371	1544706507110367151	0
1	2	25371	1544706507914551759	0
100	2	25371	1544706507914697644	0
1	2	25371	1544706508815858604	0
100	2	25371	1544706508815976885	0
1	0	25371	1544706509715228895	0
100	0	25371	1544706509715366655	0
1	0	25371	1544706510631127812	0
100	2	25371	1544706510631243853	0
1	2	25371	1544706511555378098	0
100	2	25371	1544706511555497421	0
1	2	25371	1544706512452862302	0
100	2	25371	1544706512452973656	0
1	2	25371	1544706513353081128	0
100	2	25371	1544706513353193836	0
1	2	25371	1544706514288788239	0
100	2	25371	1544706514288901676	0
1	2	25371	1544706515145711626	0
100	2	25371	1544706515145824542	0
1	2	25371	1544706515994270048	0
100	2	25371	1544706515994412027	0
1	2	25371	1544706516874773593	0
100	2	25371	1544706516874890520	0
1	2	25371	1544706517635183489	0
100	2	25371	1544706517635297603	0
1	2	25371	1544706518631933458	0
100	2	25371	1544706518632104082	0
1	2	25371	1544706519573043458	0
100	2	25371	1544706519573229916	0
1	2	25371	1544706520517651881	0
100	2	25371	1544706520517800265	0
1	2	25371	1544706521357944867	0
100	2	25371	1544706521358092262	0
1	2	25371	1544706522245585305	0
100	2	25371	1544706522245708065	0
1	2	25371	1544706523090418740	0
100	2	25371	1544706523090598322	0
1	2	25371	1544706523945923742	0
100	2	25371	1544706523946081554	0
1	2	25371	1544706524758567211	0
100	2	25371	1544706524758712939	0
1	2	25371	1544706525538567070	0
100	2	25371	1544706525538710923	0
1	2	25371	1544706526321820717	0
100	2	25371	1544706526321955247	0
1	2	25371	1544706527080130044	0
100	2	25371	1544706527080227231	0
1	2	25371	1544706527878747998	0
100	2	25371	1544706527878860915	0
1	2	25371	1544706528593882720	0
100	2	25371	1544706528594032667	0
1	2	25371	1544706529359441598	0
100	2	25371	1544706529359572378	0
1	2	25371	1544706530067078695	0
100	2	25371	1544706530067226871	0
1	2	25371	1544706530810266366	0
100	2	25371	1544706530810380741	0
1	2	25371	1544706531571282607	0
100	2	25371	1544706531571399637	0
1	2	25371	1544706532382760816	0
100	2	25371	1544706532382866284	0
